<?xml version="1.0" encoding="UTF-8"?>
<testsuite xmlns:xsi="http://www.w3.org/2001/XMLSchema-instance" xsi:noNamespaceSchemaLocation="https://maven.apache.org/surefire/maven-surefire-plugin/xsd/surefire-test-report-3.0.xsd" version="3.0" name="com.example.gameroomapi.GameroomApiApplicationTests" time="8.52" tests="1" errors="0" skipped="0" failures="0">
  <properties>
[...]
</properties>
  <testcase name="contextLoads" classname="com.example.gameroomapi.GameroomApiApplicationTests" time="0.577">
    <system-out><![CDATA[20:33:01.177 [main] INFO org.springframework.test.context.support.AnnotationConfigContextLoaderUtils -- Could not detect default configuration classes for test class [com.example.gameroomapi.GameroomApiApplicationTests]: GameroomApiApplicationTests does not declare any static, non-private, non-final, nested classes annotated with @Configuration.
20:33:01.346 [main] INFO org.springframework.boot.test.context.SpringBootTestContextBootstrapper -- Found @SpringBootConfiguration com.example.gameroomapi.GameroomApiApplication for test class com.example.gameroomapi.GameroomApiApplicationTests
20:33:01.601 [main] INFO org.springframework.boot.devtools.restart.RestartApplicationListener -- Restart disabled due to context in which it is running
  .   ____          _            __ _ _
 /\\ / ___'_ __ _ _(_)_ __  __ _ \ \ \ \
( ( )\___ | '_ | '_| | '_ \/ _` | \ \ \ \
 \\/  ___)| |_)| | | | | || (_| |  ) ) ) )
  '  |____| .__|_| |_|_| |_\__, | / / / /
 =========|_|==============|___/=/_/_/_/

 :: Spring Boot ::                (v3.3.0)

2024-05-27T20:33:02.136+02:00  INFO 23644 --- [gameroomAPI] [           main] c.e.g.GameroomApiApplicationTests        : Starting GameroomApiApplicationTests using Java 17.0.8.1 with PID 23644 (started by benja in C:\Users\benja\IdeaProjects\gameroomAPI)
2024-05-27T20:33:02.139+02:00  INFO 23644 --- [gameroomAPI] [           main] c.e.g.GameroomApiApplicationTests        : No active profile set, falling back to 1 default profile: "default"
2024-05-27T20:33:03.348+02:00  INFO 23644 --- [gameroomAPI] [           main] .s.d.r.c.RepositoryConfigurationDelegate : Multiple Spring Data modules found, entering strict repository configuration mode
2024-05-27T20:33:03.350+02:00  INFO 23644 --- [gameroomAPI] [           main] .s.d.r.c.RepositoryConfigurationDelegate : Bootstrapping Spring Data JDBC repositories in DEFAULT mode.
2024-05-27T20:33:03.386+02:00  INFO 23644 --- [gameroomAPI] [           main] .RepositoryConfigurationExtensionSupport : Spring Data JDBC - Could not safely identify store assignment for repository candidate interface com.example.gameroomapi.GameRoomRepository; If you want this repository to be a JDBC repository, consider annotating your entities with one of these annotations: org.springframework.data.relational.core.mapping.Table.
2024-05-27T20:33:03.387+02:00  INFO 23644 --- [gameroomAPI] [           main] .s.d.r.c.RepositoryConfigurationDelegate : Finished Spring Data repository scanning in 31 ms. Found 0 JDBC repository interfaces.
2024-05-27T20:33:03.403+02:00  INFO 23644 --- [gameroomAPI] [           main] .s.d.r.c.RepositoryConfigurationDelegate : Multiple Spring Data modules found, entering strict repository configuration mode
2024-05-27T20:33:03.403+02:00  INFO 23644 --- [gameroomAPI] [           main] .s.d.r.c.RepositoryConfigurationDelegate : Bootstrapping Spring Data JPA repositories in DEFAULT mode.
2024-05-27T20:33:03.445+02:00  INFO 23644 --- [gameroomAPI] [           main] .s.d.r.c.RepositoryConfigurationDelegate : Finished Spring Data repository scanning in 35 ms. Found 1 JPA repository interface.
2024-05-27T20:33:03.823+02:00  INFO 23644 --- [gameroomAPI] [           main] o.s.cloud.context.scope.GenericScope     : BeanFactory id=4d2d117e-c09f-3bdb-bb5b-7a293d3975da
2024-05-27T20:33:04.294+02:00  INFO 23644 --- [gameroomAPI] [           main] com.zaxxer.hikari.HikariDataSource       : HikariPool-1 - Starting...
2024-05-27T20:33:04.628+02:00  INFO 23644 --- [gameroomAPI] [           main] com.zaxxer.hikari.pool.HikariPool        : HikariPool-1 - Added connection conn0: url=jdbc:h2:mem:67fb55d2-a64b-4eb5-8592-7b97c8744b50 user=SA
2024-05-27T20:33:04.631+02:00  INFO 23644 --- [gameroomAPI] [           main] com.zaxxer.hikari.HikariDataSource       : HikariPool-1 - Start completed.
2024-05-27T20:33:04.694+02:00  INFO 23644 --- [gameroomAPI] [           main] o.hibernate.jpa.internal.util.LogHelper  : HHH000204: Processing PersistenceUnitInfo [name: default]
2024-05-27T20:33:04.783+02:00  INFO 23644 --- [gameroomAPI] [           main] org.hibernate.Version                    : HHH000412: Hibernate ORM core version 6.5.2.Final
2024-05-27T20:33:04.837+02:00  INFO 23644 --- [gameroomAPI] [           main] o.h.c.internal.RegionFactoryInitiator    : HHH000026: Second-level cache disabled
2024-05-27T20:33:05.320+02:00  INFO 23644 --- [gameroomAPI] [           main] o.s.o.j.p.SpringPersistenceUnitInfo      : No LoadTimeWeaver setup: ignoring JPA class transformer
2024-05-27T20:33:06.521+02:00  INFO 23644 --- [gameroomAPI] [           main] o.h.e.t.j.p.i.JtaPlatformInitiator       : HHH000489: No JTA platform available (set 'hibernate.transaction.jta.platform' to enable JTA platform integration)
2024-05-27T20:33:06.560+02:00  INFO 23644 --- [gameroomAPI] [           main] j.LocalContainerEntityManagerFactoryBean : Initialized JPA EntityManagerFactory for persistence unit 'default'
2024-05-27T20:33:07.413+02:00  WARN 23644 --- [gameroomAPI] [           main] JpaBaseConfiguration$JpaWebConfiguration : spring.jpa.open-in-view is enabled by default. Therefore, database queries may be performed during view rendering. Explicitly configure spring.jpa.open-in-view to disable this warning
2024-05-27T20:33:08.409+02:00  WARN 23644 --- [gameroomAPI] [           main] .s.s.UserDetailsServiceAutoConfiguration : 

Using generated security password: c987e3d9-08d7-4c19-82cf-5d01f5b1399c

This generated password is for development use only. Your security configuration must be updated before running your application in production.

2024-05-27T20:33:08.438+02:00  INFO 23644 --- [gameroomAPI] [           main] r$InitializeUserDetailsManagerConfigurer : Global AuthenticationManager configured with UserDetailsService bean with name inMemoryUserDetailsManager
2024-05-27T20:33:08.590+02:00  INFO 23644 --- [gameroomAPI] [           main] o.s.s.web.DefaultSecurityFilterChain     : Will secure any request with [org.springframework.security.web.session.DisableEncodeUrlFilter@4c954b79, org.springframework.security.web.context.request.async.WebAsyncManagerIntegrationFilter@58338338, org.springframework.security.web.context.SecurityContextHolderFilter@63f08f9f, org.springframework.security.web.header.HeaderWriterFilter@3217e970, org.springframework.web.filter.CorsFilter@56e589e5, org.springframework.security.web.csrf.CsrfFilter@1b5a3bba, org.springframework.security.web.authentication.logout.LogoutFilter@606c2e4b, org.springframework.security.web.authentication.UsernamePasswordAuthenticationFilter@4b682e71, org.springframework.security.web.authentication.ui.DefaultLoginPageGeneratingFilter@14144cc9, org.springframework.security.web.authentication.ui.DefaultLogoutPageGeneratingFilter@6992a147, org.springframework.security.web.authentication.www.BasicAuthenticationFilter@6bafe3b0, org.springframework.security.web.savedrequest.RequestCacheAwareFilter@69a14512, org.springframework.security.web.servletapi.SecurityContextHolderAwareRequestFilter@2cbc0224, org.springframework.security.web.authentication.AnonymousAuthenticationFilter@f3ae18f, org.springframework.security.web.access.ExceptionTranslationFilter@5ae5a507, org.springframework.security.web.access.intercept.AuthorizationFilter@16c3e494]
2024-05-27T20:33:08.850+02:00  INFO 23644 --- [gameroomAPI] [           main] c.e.g.GameroomApiApplicationTests        : Started GameroomApiApplicationTests in 7.269 seconds (process running for 8.697)
]]></system-out>
  </testcase>
</testsuite>